\BOOKMARK [1][-]{section.1}{序論}{}% 1
\BOOKMARK [2][-]{subsection.1.1}{研究背景}{section.1}% 2
\BOOKMARK [2][-]{subsection.1.2}{先行研究}{section.1}% 3
\BOOKMARK [2][-]{subsection.1.3}{本稿の構成}{section.1}% 4
\BOOKMARK [1][-]{section.2}{仮説の提示}{}% 5
\BOOKMARK [1][-]{section.3}{実証分析}{}% 6
\BOOKMARK [2][-]{subsection.3.1}{実証分析の概要・目的}{section.3}% 7
\BOOKMARK [2][-]{subsection.3.2}{使用データ}{section.3}% 8
\BOOKMARK [3][-]{subsubsection.3.2.1}{ブランドロイヤリティの考慮}{subsection.3.2}% 9
\BOOKMARK [3][-]{subsubsection.3.2.2}{消費者の属性データ}{subsection.3.2}% 10
\BOOKMARK [2][-]{subsection.3.3}{ポアソン回帰モデル}{section.3}% 11
\BOOKMARK [3][-]{subsubsection.3.3.1}{ポアソン回帰モデルの概要}{subsection.3.3}% 12
\BOOKMARK [3][-]{subsubsection.3.3.2}{変数選択と推定}{subsection.3.3}% 13
\BOOKMARK [3][-]{subsubsection.3.3.3}{結果と解釈}{subsection.3.3}% 14
\BOOKMARK [2][-]{subsection.3.4}{同時推定モデル}{section.3}% 15
\BOOKMARK [3][-]{subsubsection.3.4.1}{同時推定モデルの概要}{subsection.3.4}% 16
\BOOKMARK [3][-]{subsubsection.3.4.2}{変数選択と推定}{subsection.3.4}% 17
\BOOKMARK [3][-]{subsubsection.3.4.3}{結果と考察}{subsection.3.4}% 18
\BOOKMARK [1][-]{section.4}{結論}{}% 19
\BOOKMARK [2][-]{subsection.4.1}{結論}{section.4}% 20
\BOOKMARK [2][-]{subsection.4.2}{課題}{section.4}% 21
\BOOKMARK [3][-]{subsubsection.4.2.1}{新たな説明変数の必要性}{subsection.4.2}% 22
\BOOKMARK [3][-]{subsubsection.4.2.2}{テレビCM以外の広告効果の検証}{subsection.4.2}% 23
\BOOKMARK [3][-]{subsubsection.4.2.3}{別の製品カテゴリーによる検証}{subsection.4.2}% 24
\BOOKMARK [2][-]{subsection.4.3}{今後の展望}{section.4}% 25
